#
# A fatal error has been detected by the Java Runtime Environment:
#
#  EXCEPTION_ACCESS_VIOLATION (0xc0000005) at pc=0x00000154b1c3bc58, pid=2740, tid=10440
#
# JRE version: Java(TM) SE Runtime Environment (17.0.1+12) (build 17.0.1+12-LTS-39)
# Java VM: Java HotSpot(TM) 64-Bit Server VM (17.0.1+12-LTS-39, mixed mode, sharing, tiered, compressed oops, compressed class ptrs, g1 gc, windows-amd64)
# Problematic frame:
# j  org.jetbrains.kotlin.load.java.lazy.descriptors.LazyJavaPackageScope.computeClassNames(Lorg/jetbrains/kotlin/resolve/scopes/DescriptorKindFilter;Lkotlin/jvm/functions/Function1;)Ljava/util/Set;+82
#
# No core dump will be written. Minidumps are not enabled by default on client versions of Windows
#
# If you would like to submit a bug report, please visit:
#   https://bugreport.java.com/bugreport/crash.jsp
#

---------------  S U M M A R Y ------------

Command Line: org.jetbrains.kotlin.cli.jvm.K2JVMCompiler @C:\Users\gidi\projects\AwesomeProject\spaceTaskMobileApp\node_modules\react-native-pager-view\android\build\20220112_14630486245570143126.compiler.options

Host: Intel(R) Core(TM) i7-7500U CPU @ 2.70GHz, 4 cores, 15G,  Windows 10 , 64 bit Build 19041 (10.0.19041.1023)
Time: Wed Jan 12 13:08:14 2022  Windows 10 , 64 bit Build 19041 (10.0.19041.1023) elapsed time: 3.873375 seconds (0d 0h 0m 3s)

---------------  T H R E A D  ---------------

Current thread (0x00000154aa410f90):  JavaThread "main" [_thread_in_Java, id=10440, stack(0x0000003a8e500000,0x0000003a8e600000)]

Stack: [0x0000003a8e500000,0x0000003a8e600000],  sp=0x0000003a8e5fb260,  free space=1004k
Native frames: (J=compiled Java code, j=interpreted, Vv=VM code, C=native code)
C  0x00000154b1c3bc58


siginfo: EXCEPTION_ACCESS_VIOLATION (0xc0000005), reading address 0x0000000714b8d9d8


Register to memory mapping:

RIP=0x00000154b1c3bc58 is at code_begin+248 in an Interpreter codelet
checkcast  192 checkcast  [0x00000154b1c3bb60, 0x00000154b1c3bda0]  576 bytes
RAX=0x000000080000e270 is a pointer to class: 
java.lang.String {0x000000080000e278}
 - instance size:     3
 - klass size:        83
 - access:            public final synchronized 
 - state:             fully_initialized
 - name:              'java/lang/String'
 - super:             'java/lang/Object'
 - sub:               
 - arrays:            'java/lang/String'[]
 - methods:           Array<T>(0x0000000800b1e560)
 - method ordering:   Array<T>(0x0000000800b1e2a8)
 - default_methods:   Array<T>(0x0000000000000000)
 - local interfaces:  Array<T>(0x0000000800b1e530)
 - trans. interfaces: Array<T>(0x0000000800b1e530)
 - constants:         constant pool [1396]/operands[28] {0x0000000800b1b260} for 'java/lang/String' cache=0x000000080040ede8
 - class loader data:  loader data: 0x00000154aa4ea0d0 of 'bootstrap'
 - source file:       'String.java'
 - class annotations:       Array<T>(0x0000000000000000)
 - class type annotations:  Array<T>(0x0000000000000000)
 - field annotations:       Array<T>(0x0000000800b25d88)
 - field type annotations:  Array<T>(0x0000000000000000)
 - generic signature: 'Ljava/lang/Object;Ljava/io/Serializable;Ljava/lang/Comparable<Ljava/lang/String;>;Ljava/lang/CharSequence;Ljava/lang/constant/Constable;Ljava/lang/constant/ConstantDesc;'
 - inner classes:     Array<T>(0x0000000800b25d28)
 - nest members:     Array<T>(0x0000000800b1b200)
 - permitted subclasses:     Array<T>(0x00000008005af1a8)
 - java mirror:       a 'java/lang/Class'{0x0000000702001228} = 'java/lang/String'
 - vtable length      5  (start addr: 0x000000080000e438)
 - itable length      20 (start addr: 0x000000080000e460)
 - ---- static fields (3 words):
 - private static final 'serialVersionUID' 'J' @120 
 - static final 'COMPACT_STRINGS' 'Z' @130 
 - private static final 'serialPersistentFields' '[Ljava/io/ObjectStreamField;' @112 
 - private static final 'REPL' 'C' @128 
 - public static final 'CASE_INSENSITIVE_ORDER' 'Ljava/util/Comparator;' @116 
 - static final 'LATIN1' 'B' @131 
 - static final 'UTF16' 'B' @132 
 - ---- non-static fields (3 words):
 - private 'hash' 'I' @12 
 - private final 'coder' 'B' @16 
 - private 'hashIsZero' 'Z' @17 
 - private final synchronized 'value' '[B' @20 
 - non-static oop maps: 20-20 
RBX=0x0000000000000024 is an unknown value
RCX=0x00000154d1a9bbf8 is pointing into metadata
RDX=0x0000000714b8d9d0 is an unallocated location in the heap
RSP=0x0000003a8e5fb260 is pointing into the stack for thread: 0x00000154aa410f90
RBP=0x0000003a8e5fb2b0 is pointing into the stack for thread: 0x00000154aa410f90
RSI=0x000000000000021e is an unknown value
RDI=0x00000154ce48c350 is pointing into metadata
R8 =0x00000000000000b7 is an unknown value
R9 =3769893854 is a compressed pointer to object: org.jetbrains.kotlin.name.Name 
{0x0000000705a01ef0} - klass: 'org/jetbrains/kotlin/name/Name'
 - ---- fields (total size 3 words):
 - private final 'special' 'Z' @12  false
 - private final 'name' 'Ljava/lang/String;' @16  "CollectionsKt__ReversedViewsKt"{0x0000000704b8d988} (e0971b31)
R10=0x00007ffc4d01ec20 jvm.dll
R11=0x00000154b2566200 is at entry_point+32 in (nmethod*)0x00000154b2566010
R12=0x0 is NULL
R13=0x00000154d1a9c5c5 is pointing into metadata
R14=0x0000003a8e5fb368 is pointing into the stack for thread: 0x00000154aa410f90
R15=0x00000154aa410f90 is a thread


Registers:
RAX=0x000000080000e270, RBX=0x0000000000000024, RCX=0x00000154d1a9bbf8, RDX=0x0000000714b8d9d0
RSP=0x0000003a8e5fb260, RBP=0x0000003a8e5fb2b0, RSI=0x000000000000021e, RDI=0x00000154ce48c350
R8 =0x00000000000000b7, R9 =0x00000000e0b403de, R10=0x00007ffc4d01ec20, R11=0x00000154b2566200
R12=0x0000000000000000, R13=0x00000154d1a9c5c5, R14=0x0000003a8e5fb368, R15=0x00000154aa410f90
RIP=0x00000154b1c3bc58, EFLAGS=0x0000000000010246

Top of Stack: (sp=0x0000003a8e5fb260)
0x0000003a8e5fb260:   0000000705a00e50 0000003a8e5fb268
0x0000003a8e5fb270:   00000154d1a9c5ba 0000003a8e5fb368
0x0000003a8e5fb280:   00000154d1aa4df0 0000000000000000
0x0000003a8e5fb290:   0000000704fb1ae0 00000154d1a9c7d0
0x0000003a8e5fb2a0:   0000000000000000 0000003a8e5fb358
0x0000003a8e5fb2b0:   0000003a8e5fb3b8 00000154b1c29657
0x0000003a8e5fb2c0:   0000000705a01ef0 0000000705a00e50
0x0000003a8e5fb2d0:   0000000000000000 0000000000000000
0x0000003a8e5fb2e0:   0000000000000000 0000000000000000
0x0000003a8e5fb2f0:   0000000000000000 0000000000000000
0x0000003a8e5fb300:   0000000000000000 0000000000000000
0x0000003a8e5fb310:   0000000000000000 0000000000000000
0x0000003a8e5fb320:   0000000704b8d988 0000000714b8d9d0
0x0000003a8e5fb330:   0000000705a00e90 0000000000000000
0x0000003a8e5fb340:   0000000705a00e50 0000000704b8bb10
0x0000003a8e5fb350:   0000000704b8bb10 0000000000000000 

Instructions: (pc=0x00000154b1c3bc58)
0x00000154b1c3bb58:   00 00 00 00 00 00 00 00 58 48 85 c0 0f 84 01 02
0x00000154b1c3bb68:   00 00 48 8b 4d e8 48 8b 49 08 48 8b 49 08 48 8b
0x00000154b1c3bb78:   51 08 41 0f b7 5d 01 0f cb c1 eb 10 80 7c 1a 04
0x00000154b1c3bb88:   07 0f 84 b8 00 00 00 50 e8 05 00 00 00 e9 98 00
0x00000154b1c3bb98:   00 00 48 8d 44 24 08 4c 89 6d c0 49 8b cf c5 f8
0x00000154b1c3bba8:   77 49 89 af 98 02 00 00 49 89 87 88 02 00 00 48
0x00000154b1c3bbb8:   83 ec 20 f7 c4 0f 00 00 00 0f 84 1a 00 00 00 48
0x00000154b1c3bbc8:   83 ec 08 49 ba 90 e3 88 4c fc 7f 00 00 41 ff d2
0x00000154b1c3bbd8:   48 83 c4 08 e9 0d 00 00 00 49 ba 90 e3 88 4c fc
0x00000154b1c3bbe8:   7f 00 00 41 ff d2 48 83 c4 20 49 c7 87 88 02 00
0x00000154b1c3bbf8:   00 00 00 00 00 49 c7 87 98 02 00 00 00 00 00 00
0x00000154b1c3bc08:   49 c7 87 90 02 00 00 00 00 00 00 c5 f8 77 49 81
0x00000154b1c3bc18:   7f 08 00 00 00 00 0f 84 05 00 00 00 e9 d7 52 fe
0x00000154b1c3bc28:   ff 4c 8b 6d c0 4c 8b 75 c8 c3 49 8b 87 e8 02 00
0x00000154b1c3bc38:   00 49 c7 87 e8 02 00 00 00 00 00 00 5a eb 11 48
0x00000154b1c3bc48:   8b d0 66 8b 5c d9 48 48 8b 49 28 48 8b 44 d9 08
0x00000154b1c3bc58:   8b 5a 08 49 ba 00 00 00 00 08 00 00 00 49 03 da
0x00000154b1c3bc68:   48 8b 4d d8 48 85 c9 0f 84 8a 00 00 00 48 8b 79
0x00000154b1c3bc78:   18 48 3b fb 0f 85 0f 00 00 00 48 83 41 20 01 48
0x00000154b1c3bc88:   83 59 20 00 e9 66 00 00 00 48 85 ff 0f 84 37 00
0x00000154b1c3bc98:   00 00 48 8b 79 28 48 3b fb 0f 85 0f 00 00 00 48
0x00000154b1c3bca8:   83 41 30 01 48 83 59 30 00 e9 41 00 00 00 48 85
0x00000154b1c3bcb8:   ff 0f 85 38 00 00 00 48 89 59 28 bf 01 00 00 00
0x00000154b1c3bcc8:   48 89 79 30 e9 26 00 00 00 48 3b 59 28 0f 85 0f
0x00000154b1c3bcd8:   00 00 00 48 83 41 30 01 48 83 59 30 00 e9 0d 00
0x00000154b1c3bce8:   00 00 48 89 59 18 bf 01 00 00 00 48 89 79 20 48
0x00000154b1c3bcf8:   83 c1 38 48 89 4d d8 48 3b d8 0f 84 5b 00 00 00
0x00000154b1c3bd08:   8b 48 14 48 3b 04 0b 0f 84 4e 00 00 00 83 f9 20
0x00000154b1c3bd18:   0f 85 22 00 00 00 50 48 8b c0 57 48 8b 7b 28 8b
0x00000154b1c3bd28:   0f 48 83 c7 08 48 85 c0 f2 48 af 5f 58 75 09 48
0x00000154b1c3bd38:   89 43 20 e9 23 00 00 00 48 8b 4d d8 48 85 c9 0f
0x00000154b1c3bd48:   84 10 00 00 00 48 83 41 d0 ff 0f 88 05 00 00 00 


Stack slot to memory mapping:
stack at sp + 0 slots: 0x0000000705a00e50 is an oop: java.util.HashSet 
{0x0000000705a00e50} - klass: 'java/util/HashSet'
 - ---- fields (total size 2 words):
 - private transient 'map' 'Ljava/util/HashMap;' @12  a 'java/util/HashMap'{0x0000000705a00e60} (e0b401cc)
stack at sp + 1 slots: 0x0000003a8e5fb268 is pointing into the stack for thread: 0x00000154aa410f90
stack at sp + 2 slots: 0x00000154d1a9c5ba is pointing into metadata
stack at sp + 3 slots: 0x0000003a8e5fb368 is pointing into the stack for thread: 0x00000154aa410f90
stack at sp + 4 slots: 0x00000154d1aa4df0 is pointing into metadata
stack at sp + 5 slots: 0x0 is NULL
stack at sp + 6 slots: 0x0000000704fb1ae0 is an oop: java.lang.Class 
{0x0000000704fb1ae0} - klass: 'java/lang/Class'
 - ---- fields (total size 14 words):
 - private volatile transient 'classRedefinedCount' 'I' @12  0
 - private volatile transient 'cachedConstructor' 'Ljava/lang/reflect/Constructor;' @40  NULL (0)
 - private transient 'name' 'Ljava/lang/String;' @44  "org.jetbrains.kotlin.load.java.lazy.descriptors.LazyJavaPackageScope"{0x0000000704fb4270} (e09f684e)
 - private transient 'module' 'Ljava/lang/Module;' @48  a 'java/lang/Module'{0x0000000702050e48} (e040a1c9)
 - private final 'classLoader' 'Ljava/lang/ClassLoader;' @52  a 'jdk/internal/loader/ClassLoaders$AppClassLoader'{0x0000000702000340} (e0400068)
 - private transient 'classData' 'Ljava/lang/Object;' @56  NULL (0)
 - private transient 'packageName' 'Ljava/lang/String;' @60  "org.jetbrains.kotlin.load.java.lazy.descriptors"{0x0000000702c18e78} (e05831cf)
 - private final 'componentType' 'Ljava/lang/Class;' @64  NULL (0)
 - private volatile transient 'reflectionData' 'Ljava/lang/ref/SoftReference;' @68  NULL (0)
 - private volatile transient 'genericInfo' 'Lsun/reflect/generics/repository/ClassRepository;' @72  NULL (0)
 - private volatile transient 'enumConstants' '[Ljava/lang/Object;' @76  NULL (0)
 - private volatile transient 'enumConstantDirectory' 'Ljava/util/Map;' @80  NULL (0)
 - private volatile transient 'annotationData' 'Ljava/lang/Class$AnnotationData;' @84  NULL (0)
 - private volatile transient 'annotationType' 'Lsun/reflect/annotation/AnnotationType;' @88  NULL (0)
 - transient 'classValueMap' 'Ljava/lang/ClassValue$ClassValueMap;' @92  NULL (0)
 - signature: Lorg/jetbrains/kotlin/load/java/lazy/descriptors/LazyJavaPackageScope;
 - fake entry for mirror: 'org/jetbrains/kotlin/load/java/lazy/descriptors/LazyJavaPackageScope'
 - fake entry for array: NULL
 - fake entry for oop_size: 14
 - fake entry for static_oop_field_count: 0
stack at sp + 7 slots: {method} {0x00000154d1a9c7d8} 'computeClassNames' '(Lorg/jetbrains/kotlin/resolve/scopes/DescriptorKindFilter;Lkotlin/jvm/functions/Function1;)Ljava/util/Set;' in 'org/jetbrains/kotlin/load/java/lazy/descriptors/LazyJavaPackageScope'

checkcast  192 checkcast  [0x00000154b1c3bb60, 0x00000154b1c3bda0]  576 bytes
[MachCode]
  0x00000154b1c3bb60: 5848 85c0 | 0f84 0102 | 0000 488b | 4de8 488b | 4908 488b | 4908 488b | 5108 410f | b75d 010f 
  0x00000154b1c3bb80: cbc1 eb10 | 807c 1a04 | 070f 84b8 | 0000 0050 | e805 0000 | 00e9 9800 | 0000 488d | 4424 084c 
  0x00000154b1c3bba0: 896d c049 | 8bcf c5f8 | 7749 89af | 9802 0000 | 4989 8788 | 0200 0048 | 83ec 20f7 | c40f 0000 
  0x00000154b1c3bbc0: 000f 841a | 0000 0048 | 83ec 0849 | ba90 e388 | 4cfc 7f00 | 0041 ffd2 | 4883 c408 | e90d 0000 
  0x00000154b1c3bbe0: 0049 ba90 | e388 4cfc | 7f00 0041 | ffd2 4883 | c420 49c7 | 8788 0200 | 0000 0000 | 0049 c787 
  0x00000154b1c3bc00: 9802 0000 | 0000 0000 | 49c7 8790 | 0200 0000 | 0000 00c5 | f877 4981 | 7f08 0000 | 0000 0f84 
  0x00000154b1c3bc20: 0500 0000 | e9d7 52fe | ff4c 8b6d | c04c 8b75 | c8c3 498b | 87e8 0200 | 0049 c787 | e802 0000 
  0x00000154b1c3bc40: 0000 0000 | 5aeb 1148 | 8bd0 668b | 5cd9 4848 | 8b49 2848 | 8b44 d908 | 8b5a 0849 | ba00 0000 
  0x00000154b1c3bc60: 0008 0000 | 0049 03da | 488b 4dd8 | 4885 c90f | 848a 0000 | 0048 8b79 | 1848 3bfb | 0f85 0f00 
  0x00000154b1c3bc80: 0000 4883 | 4120 0148 | 8359 2000 | e966 0000 | 0048 85ff | 0f84 3700 | 0000 488b | 7928 483b 
  0x00000154b1c3bca0: fb0f 850f | 0000 0048 | 8341 3001 | 4883 5930 | 00e9 4100 | 0000 4885 | ff0f 8538 | 0000 0048 
  0x00000154b1c3bcc0: 8959 28bf | 0100 0000 | 4889 7930 | e926 0000 | 0048 3b59 | 280f 850f | 0000 0048 | 8341 3001 
  0x00000154b1c3bce0: 4883 5930 | 00e9 0d00 | 0000 4889 | 5918 bf01 | 0000 0048 | 8979 2048 | 83c1 3848 | 894d d848 
  0x00000154b1c3bd00: 3bd8 0f84 | 5b00 0000 | 8b48 1448 | 3b04 0b0f | 844e 0000 | 0083 f920 | 0f85 2200 | 0000 5048 
  0x00000154b1c3bd20: 8bc0 5748 | 8b7b 288b | 0f48 83c7 | 0848 85c0 | f248 af5f | 5875 0948 | 8943 20e9 | 2300 0000 
  0x00000154b1c3bd40: 488b 4dd8 | 4885 c90f | 8410 0000 | 0048 8341 | d0ff 0f88 | 0500 0000 | 4883 41d0 | 0152 e978 
  0x00000154b1c3bd60: 05ff ff48 | 8bc2 e919 | 0000 0048 | 8b4d d848 | 85c9 0f84 | 0c00 0000 | 8049 0101 | 4883 c138 
  0x00000154b1c3bd80: 4889 4dd8 | 410f b65d | 0349 83c5 | 0349 ba20 | ec01 4dfc | 7f00 0041 | ff24 da0f | 1f44 0000 
[/MachCode]

---------------  P R O C E S S  ---------------

Threads class SMR info:
_java_thread_list=0x00000154cd6c9840, length=13, elements={
0x00000154aa410f90, 0x00000154cc8059e0, 0x00000154cc808c10, 0x00000154cc81c180,
0x00000154cc81c940, 0x00000154cc81f7b0, 0x00000154cc829e40, 0x00000154cc82b720,
0x00000154cc82bdd0, 0x00000154cc840220, 0x00000154cd4e5ef0, 0x00000154cd4e7700,
0x00000154cd6d1940
}

Java Threads: ( => current thread )
=>0x00000154aa410f90 JavaThread "main" [_thread_in_Java, id=10440, stack(0x0000003a8e500000,0x0000003a8e600000)]
  0x00000154cc8059e0 JavaThread "Reference Handler" daemon [_thread_blocked, id=13832, stack(0x0000003a8ec00000,0x0000003a8ed00000)]
  0x00000154cc808c10 JavaThread "Finalizer" daemon [_thread_blocked, id=12200, stack(0x0000003a8ed00000,0x0000003a8ee00000)]
  0x00000154cc81c180 JavaThread "Signal Dispatcher" daemon [_thread_blocked, id=5048, stack(0x0000003a8ee00000,0x0000003a8ef00000)]
  0x00000154cc81c940 JavaThread "Attach Listener" daemon [_thread_blocked, id=11840, stack(0x0000003a8ef00000,0x0000003a8f000000)]
  0x00000154cc81f7b0 JavaThread "Service Thread" daemon [_thread_blocked, id=8672, stack(0x0000003a8f000000,0x0000003a8f100000)]
  0x00000154cc829e40 JavaThread "Monitor Deflation Thread" daemon [_thread_blocked, id=10848, stack(0x0000003a8f100000,0x0000003a8f200000)]
  0x00000154cc82b720 JavaThread "C2 CompilerThread0" daemon [_thread_in_native, id=1096, stack(0x0000003a8f200000,0x0000003a8f300000)]
  0x00000154cc82bdd0 JavaThread "C1 CompilerThread0" daemon [_thread_blocked, id=14100, stack(0x0000003a8f300000,0x0000003a8f400000)]
  0x00000154cc840220 JavaThread "Sweeper thread" daemon [_thread_blocked, id=11212, stack(0x0000003a8f400000,0x0000003a8f500000)]
  0x00000154cd4e5ef0 JavaThread "Notification Thread" daemon [_thread_blocked, id=8936, stack(0x0000003a8f500000,0x0000003a8f600000)]
  0x00000154cd4e7700 JavaThread "Common-Cleaner" daemon [_thread_blocked, id=10896, stack(0x0000003a8f700000,0x0000003a8f800000)]
  0x00000154cd6d1940 JavaThread "C2 CompilerThread1" daemon [_thread_blocked, id=1380, stack(0x0000003a8f800000,0x0000003a8f900000)]

Other Threads:
  0x00000154cc7fc960 VMThread "VM Thread" [stack: 0x0000003a8eb00000,0x0000003a8ec00000] [id=13472]
  0x00000154cd4efe10 WatcherThread [stack: 0x0000003a8f600000,0x0000003a8f700000] [id=3088]
  0x00000154aa4608a0 GCTaskThread "GC Thread#0" [stack: 0x0000003a8e600000,0x0000003a8e700000] [id=1496]
  0x00000154cd8d22e0 GCTaskThread "GC Thread#1" [stack: 0x0000003a8f900000,0x0000003a8fa00000] [id=2492]
  0x00000154cd906bf0 GCTaskThread "GC Thread#2" [stack: 0x0000003a8fa00000,0x0000003a8fb00000] [id=7956]
  0x00000154cd906ea0 GCTaskThread "GC Thread#3" [stack: 0x0000003a8fb00000,0x0000003a8fc00000] [id=13616]
  0x00000154aa471620 ConcurrentGCThread "G1 Main Marker" [stack: 0x0000003a8e700000,0x0000003a8e800000] [id=4020]
  0x00000154aa4727d0 ConcurrentGCThread "G1 Conc#0" [stack: 0x0000003a8e800000,0x0000003a8e900000] [id=4620]
  0x00000154cc6d20c0 ConcurrentGCThread "G1 Refine#0" [stack: 0x0000003a8e900000,0x0000003a8ea00000] [id=7212]
  0x00000154cf681a60 ConcurrentGCThread "G1 Refine#1" [stack: 0x0000003a8fc00000,0x0000003a8fd00000] [id=10324]
  0x00000154cc6d2500 ConcurrentGCThread "G1 Service" [stack: 0x0000003a8ea00000,0x0000003a8eb00000] [id=14316]

Threads with active compile tasks:
C2 CompilerThread0     3920 4099       4       java.lang.ClassLoader::loadClass (7 bytes)

VM state: not at safepoint (normal execution)

VM Mutex/Monitor currently owned by a thread: None

Heap address: 0x0000000701c00000, size: 4068 MB, Compressed Oops mode: Zero based, Oop shift amount: 3

CDS archive(s) mapped at: [0x0000000800000000-0x0000000800bc0000-0x0000000800bc0000), size 12320768, SharedBaseAddress: 0x0000000800000000, ArchiveRelocationMode: 0.
Compressed class space mapped at: 0x0000000800c00000-0x0000000840c00000, reserved size: 1073741824
Narrow klass base: 0x0000000800000000, Narrow klass shift: 0, Narrow klass range: 0x100000000

GC Precious Log:
 CPUs: 4 total, 4 available
 Memory: 16264M
 Large Page Support: Disabled
 NUMA Support: Disabled
 Compressed Oops: Enabled (Zero based)
 Heap Region Size: 2M
 Heap Min Capacity: 8M
 Heap Initial Capacity: 256M
 Heap Max Capacity: 4068M
 Pre-touch: Disabled
 Parallel Workers: 4
 Concurrent Workers: 1
 Concurrent Refinement Workers: 4
 Periodic GC: Disabled

Heap:
 garbage-first heap   total 90112K, used 63959K [0x0000000701c00000, 0x0000000800000000)
  region size 2048K, 16 young (32768K), 3 survivors (6144K)
 Metaspace       used 41550K, committed 41856K, reserved 1089536K
  class space    used 5082K, committed 5248K, reserved 1048576K

Heap Regions: E=young(eden), S=young(survivor), O=old, HS=humongous(starts), HC=humongous(continues), CS=collection set, F=free, OA=open archive, CA=closed archive, TAMS=top-at-mark-start (previous, next)
|   0|0x0000000701c00000, 0x0000000701e00000, 0x0000000701e00000|100%|HS|  |TAMS 0x0000000701e00000, 0x0000000701c00000| Complete 
|   1|0x0000000701e00000, 0x0000000702000000, 0x0000000702000000|100%|HC|  |TAMS 0x0000000702000000, 0x0000000701e00000| Complete 
|   2|0x0000000702000000, 0x0000000702200000, 0x0000000702200000|100%| O|  |TAMS 0x0000000702200000, 0x0000000702000000| Untracked 
|   3|0x0000000702200000, 0x0000000702400000, 0x0000000702400000|100%|HS|  |TAMS 0x0000000702400000, 0x0000000702200000| Complete 
|   4|0x0000000702400000, 0x0000000702600000, 0x0000000702600000|100%|HC|  |TAMS 0x0000000702600000, 0x0000000702400000| Complete 
|   5|0x0000000702600000, 0x0000000702800000, 0x0000000702800000|100%|HS|  |TAMS 0x0000000702800000, 0x0000000702600000| Complete 
|   6|0x0000000702800000, 0x0000000702a00000, 0x0000000702a00000|100%|HC|  |TAMS 0x0000000702a00000, 0x0000000702800000| Complete 
|   7|0x0000000702a00000, 0x0000000702c00000, 0x0000000702c00000|100%| O|  |TAMS 0x0000000702a00000, 0x0000000702a00000| Untracked 
|   8|0x0000000702c00000, 0x0000000702e00000, 0x0000000702e00000|100%| O|  |TAMS 0x0000000702e00000, 0x0000000702c00000| Untracked 
|   9|0x0000000702e00000, 0x0000000703000000, 0x0000000703000000|100%| O|  |TAMS 0x0000000703000000, 0x0000000702e00000| Untracked 
|  10|0x0000000703000000, 0x0000000703200000, 0x0000000703200000|100%|HS|  |TAMS 0x0000000703200000, 0x0000000703000000| Complete 
|  11|0x0000000703200000, 0x0000000703400000, 0x0000000703400000|100%| O|  |TAMS 0x0000000703400000, 0x0000000703200000| Untracked 
|  12|0x0000000703400000, 0x0000000703600000, 0x0000000703600000|100%| O|  |TAMS 0x0000000703600000, 0x0000000703400000| Untracked 
|  13|0x0000000703600000, 0x0000000703800000, 0x0000000703800000|100%| O|  |TAMS 0x0000000703800000, 0x0000000703600000| Untracked 
|  14|0x0000000703800000, 0x0000000703a00000, 0x0000000703a00000|100%| O|  |TAMS 0x0000000703a00000, 0x0000000703800000| Untracked 
|  15|0x0000000703a00000, 0x0000000703a75e00, 0x0000000703c00000| 23%| O|  |TAMS 0x0000000703a00000, 0x0000000703a00000| Untracked 
|  16|0x0000000703c00000, 0x0000000703c00000, 0x0000000703e00000|  0%| F|  |TAMS 0x0000000703c00000, 0x0000000703c00000| Untracked 
|  17|0x0000000703e00000, 0x0000000703e00000, 0x0000000704000000|  0%| F|  |TAMS 0x0000000703e00000, 0x0000000703e00000| Untracked 
|  18|0x0000000704000000, 0x0000000704000000, 0x0000000704200000|  0%| F|  |TAMS 0x0000000704000000, 0x0000000704000000| Untracked 
|  19|0x0000000704200000, 0x0000000704400000, 0x0000000704400000|100%| O|  |TAMS 0x0000000704341a00, 0x0000000704200000| Complete 
|  20|0x0000000704400000, 0x0000000704400000, 0x0000000704600000|  0%| F|  |TAMS 0x0000000704400000, 0x0000000704400000| Untracked 
|  21|0x0000000704600000, 0x0000000704600000, 0x0000000704800000|  0%| F|  |TAMS 0x0000000704600000, 0x0000000704600000| Untracked 
|  22|0x0000000704800000, 0x0000000704800000, 0x0000000704a00000|  0%| F|  |TAMS 0x0000000704800000, 0x0000000704800000| Untracked 
|  23|0x0000000704a00000, 0x0000000704c00000, 0x0000000704c00000|100%| S|CS|TAMS 0x0000000704a00000, 0x0000000704a00000| Complete 
|  24|0x0000000704c00000, 0x0000000704e00000, 0x0000000704e00000|100%| S|CS|TAMS 0x0000000704c00000, 0x0000000704c00000| Complete 
|  25|0x0000000704e00000, 0x0000000705000000, 0x0000000705000000|100%| S|CS|TAMS 0x0000000704e00000, 0x0000000704e00000| Complete 
|  26|0x0000000705000000, 0x0000000705000000, 0x0000000705200000|  0%| F|  |TAMS 0x0000000705000000, 0x0000000705000000| Untracked 
|  27|0x0000000705200000, 0x0000000705200000, 0x0000000705400000|  0%| F|  |TAMS 0x0000000705200000, 0x0000000705200000| Untracked 
|  28|0x0000000705400000, 0x0000000705400000, 0x0000000705600000|  0%| F|  |TAMS 0x0000000705400000, 0x0000000705400000| Untracked 
|  29|0x0000000705600000, 0x0000000705600000, 0x0000000705800000|  0%| F|  |TAMS 0x0000000705600000, 0x0000000705600000| Untracked 
|  30|0x0000000705800000, 0x0000000705800000, 0x0000000705a00000|  0%| F|  |TAMS 0x0000000705800000, 0x0000000705800000| Untracked 
|  31|0x0000000705a00000, 0x0000000705a822e0, 0x0000000705c00000| 25%| E|  |TAMS 0x0000000705a00000, 0x0000000705a00000| Complete 
|  32|0x0000000705c00000, 0x0000000705e00000, 0x0000000705e00000|100%| E|CS|TAMS 0x0000000705c00000, 0x0000000705c00000| Complete 
|  33|0x0000000705e00000, 0x0000000706000000, 0x0000000706000000|100%| E|CS|TAMS 0x0000000705e00000, 0x0000000705e00000| Complete 
|  34|0x0000000706000000, 0x0000000706200000, 0x0000000706200000|100%| E|CS|TAMS 0x0000000706000000, 0x0000000706000000| Complete 
|  35|0x0000000706200000, 0x0000000706400000, 0x0000000706400000|100%| E|CS|TAMS 0x0000000706200000, 0x0000000706200000| Complete 
|  36|0x0000000706400000, 0x0000000706600000, 0x0000000706600000|100%| E|CS|TAMS 0x0000000706400000, 0x0000000706400000| Complete 
|  37|0x0000000706600000, 0x0000000706800000, 0x0000000706800000|100%| E|CS|TAMS 0x0000000706600000, 0x0000000706600000| Complete 
|  38|0x0000000706800000, 0x0000000706a00000, 0x0000000706a00000|100%| E|CS|TAMS 0x0000000706800000, 0x0000000706800000| Complete 
| 123|0x0000000711200000, 0x0000000711400000, 0x0000000711400000|100%| E|CS|TAMS 0x0000000711200000, 0x0000000711200000| Complete 
| 124|0x0000000711400000, 0x0000000711600000, 0x0000000711600000|100%| E|CS|TAMS 0x0000000711400000, 0x0000000711400000| Complete 
| 125|0x0000000711600000, 0x0000000711800000, 0x0000000711800000|100%| E|CS|TAMS 0x0000000711600000, 0x0000000711600000| Complete 
| 126|0x0000000711800000, 0x0000000711a00000, 0x0000000711a00000|100%| E|CS|TAMS 0x0000000711800000, 0x0000000711800000| Complete 
| 127|0x0000000711a00000, 0x0000000711c00000, 0x0000000711c00000|100%| E|CS|TAMS 0x0000000711a00000, 0x0000000711a00000| Complete 

Card table byte_map: [0x00000154c1420000,0x00000154c1c20000] _byte_map_base: 0x00000154bdc12000

Marking Bits (Prev, Next): (CMBitMap*) 0x00000154aa460ef0, (CMBitMap*) 0x00000154aa460eb0
 Prev Bits: [0x00000154c63b0000, 0x00000154ca340000)
 Next Bits: [0x00000154c2420000, 0x00000154c63b0000)

Polling page: 0x00000154a8340000

Metaspace:

Usage:
  Non-class:     35.61 MB used.
      Class:      4.96 MB used.
       Both:     40.58 MB used.

Virtual space:
  Non-class space:       40.00 MB reserved,      35.75 MB ( 89%) committed,  5 nodes.
      Class space:        1.00 GB reserved,       5.12 MB ( <1%) committed,  1 nodes.
             Both:        1.04 GB reserved,      40.88 MB (  4%) committed. 

Chunk freelists:
   Non-Class:  3.72 MB
       Class:  2.92 MB
        Both:  6.64 MB

MaxMetaspaceSize: unlimited
CompressedClassSpaceSize: 1.00 GB
Initial GC threshold: 21.00 MB
Current GC threshold: 63.75 MB
CDS: on
MetaspaceReclaimPolicy: balanced
 - commit_granule_bytes: 65536.
 - commit_granule_words: 8192.
 - virtual_space_node_default_size: 1048576.
 - enlarge_chunks_in_place: 1.
 - new_chunks_are_fully_committed: 0.
 - uncommit_free_chunks: 1.
 - use_allocation_guard: 0.
 - handle_deallocations: 1.


Internal statistics:

num_allocs_failed_limit: 9.
num_arena_births: 158.
num_arena_deaths: 0.
num_vsnodes_births: 6.
num_vsnodes_deaths: 0.
num_space_committed: 652.
num_space_uncommitted: 0.
num_chunks_returned_to_freelist: 9.
num_chunks_taken_from_freelist: 1565.
num_chunk_merges: 3.
num_chunk_splits: 1276.
num_chunks_enlarged: 1142.
num_purges: 0.
num_inconsistent_stats: 0.

CodeHeap 'non-profiled nmethods': size=120000Kb used=1904Kb max_used=1904Kb free=118095Kb
 bounds [0x00000154b96f0000, 0x00000154b9960000, 0x00000154c0c20000]
CodeHeap 'profiled nmethods': size=120000Kb used=8494Kb max_used=8494Kb free=111505Kb
 bounds [0x00000154b21c0000, 0x00000154b2a10000, 0x00000154b96f0000]
CodeHeap 'non-nmethods': size=5760Kb used=1281Kb max_used=1330Kb free=4478Kb
 bounds [0x00000154b1c20000, 0x00000154b1e90000, 0x00000154b21c0000]
 total_blobs=4775 nmethods=4180 adapters=507
 compilation: enabled
              stopped_count=0, restarted_count=0
 full_count=0

Compilation events (20 events):
Event: 3.866 Thread 0x00000154cc82bdd0 nmethod 4188 0x00000154b98c8d10 code [0x00000154b98c8ea0, 0x00000154b98c8f78]
Event: 3.866 Thread 0x00000154cc82bdd0 4191       3       org.jetbrains.kotlin.resolve.QualifiedExpressionResolver$QualifierPart::<init> (32 bytes)
Event: 3.866 Thread 0x00000154cc82bdd0 nmethod 4191 0x00000154b2a07090 code [0x00000154b2a07320, 0x00000154b2a07f38]
Event: 3.866 Thread 0x00000154cc82bdd0 4190       1       java.util.Collections$SingletonSet::size (2 bytes)
Event: 3.866 Thread 0x00000154cc82bdd0 nmethod 4190 0x00000154b98c9010 code [0x00000154b98c91a0, 0x00000154b98c9278]
Event: 3.867 Thread 0x00000154cc82bdd0 4192       3       java.util.HashMap::putVal (300 bytes)
Event: 3.868 Thread 0x00000154cc82bdd0 nmethod 4192 0x00000154b2a08310 code [0x00000154b2a085c0, 0x00000154b2a09838]
Event: 3.868 Thread 0x00000154cc82bdd0 4193       3       kotlin.collections.EmptySet::iterator (7 bytes)
Event: 3.868 Thread 0x00000154cc82bdd0 nmethod 4193 0x00000154b2a09d10 code [0x00000154b2a09ea0, 0x00000154b2a09fb8]
Event: 3.868 Thread 0x00000154cc82bdd0 4194       3       gnu.trove.TObjectHashIterator::objectAtIndex (10 bytes)
Event: 3.869 Thread 0x00000154cc82bdd0 nmethod 4194 0x00000154b2a0a090 code [0x00000154b2a0a220, 0x00000154b2a0a378]
Event: 3.869 Thread 0x00000154cc82bdd0 4195       3       java.util.HashMap::afterNodeAccess (1 bytes)
Event: 3.869 Thread 0x00000154cc82bdd0 nmethod 4195 0x00000154b2a0a490 code [0x00000154b2a0a620, 0x00000154b2a0a738]
Event: 3.869 Thread 0x00000154cc82bdd0 4196       1       kotlin.collections.EmptySet::getSize (2 bytes)
Event: 3.869 Thread 0x00000154cc82bdd0 nmethod 4196 0x00000154b98c9310 code [0x00000154b98c94a0, 0x00000154b98c9578]
Event: 3.870 Thread 0x00000154cc82bdd0 4197       1       org.jetbrains.kotlin.load.kotlin.JvmPackagePartProviderBase$ModuleMappingInfo::component1 (5 bytes)
Event: 3.870 Thread 0x00000154cc82bdd0 nmethod 4197 0x00000154b98c9610 code [0x00000154b98c97a0, 0x00000154b98c9878]
Event: 3.870 Thread 0x00000154cc82bdd0 4200       3       org.jetbrains.kotlin.name.ClassId::isNestedClass (19 bytes)
Event: 3.870 Thread 0x00000154cc82bdd0 nmethod 4200 0x00000154b2a0a810 code [0x00000154b2a0a9e0, 0x00000154b2a0ad28]
Event: 3.870 Thread 0x00000154cc82bdd0 4201       3       org.jetbrains.kotlin.serialization.deserialization.descriptors.DeserializedMemberScope$OptimizedImplementation::getTypeAliasNames (10 bytes)

GC Heap History (16 events):
Event: 0.274 GC heap before
{Heap before GC invocations=0 (full 0):
 garbage-first heap   total 262144K, used 14336K [0x0000000701c00000, 0x0000000800000000)
  region size 2048K, 6 young (12288K), 0 survivors (0K)
 Metaspace       used 3409K, committed 3520K, reserved 1056768K
  class space    used 271K, committed 320K, reserved 1048576K
}
Event: 0.277 GC heap after
{Heap after GC invocations=1 (full 0):
 garbage-first heap   total 262144K, used 5948K [0x0000000701c00000, 0x0000000800000000)
  region size 2048K, 1 young (2048K), 1 survivors (2048K)
 Metaspace       used 3409K, committed 3520K, reserved 1056768K
  class space    used 271K, committed 320K, reserved 1048576K
}
Event: 0.478 GC heap before
{Heap before GC invocations=1 (full 0):
 garbage-first heap   total 262144K, used 18236K [0x0000000701c00000, 0x0000000800000000)
  region size 2048K, 8 young (16384K), 1 survivors (2048K)
 Metaspace       used 7028K, committed 7168K, reserved 1064960K
  class space    used 720K, committed 768K, reserved 1048576K
}
Event: 0.482 GC heap after
{Heap after GC invocations=2 (full 0):
 garbage-first heap   total 262144K, used 7272K [0x0000000701c00000, 0x0000000800000000)
  region size 2048K, 1 young (2048K), 1 survivors (2048K)
 Metaspace       used 7028K, committed 7168K, reserved 1064960K
  class space    used 720K, committed 768K, reserved 1048576K
}
Event: 1.586 GC heap before
{Heap before GC invocations=2 (full 0):
 garbage-first heap   total 262144K, used 76904K [0x0000000701c00000, 0x0000000800000000)
  region size 2048K, 31 young (63488K), 1 survivors (2048K)
 Metaspace       used 21375K, committed 21504K, reserved 1073152K
  class space    used 2748K, committed 2816K, reserved 1048576K
}
Event: 1.595 GC heap after
{Heap after GC invocations=3 (full 0):
 garbage-first heap   total 262144K, used 21227K [0x0000000701c00000, 0x0000000800000000)
  region size 2048K, 4 young (8192K), 4 survivors (8192K)
 Metaspace       used 21375K, committed 21504K, reserved 1073152K
  class space    used 2748K, committed 2816K, reserved 1048576K
}
Event: 1.707 GC heap before
{Heap before GC invocations=3 (full 0):
 garbage-first heap   total 262144K, used 21227K [0x0000000701c00000, 0x0000000800000000)
  region size 2048K, 5 young (10240K), 4 survivors (8192K)
 Metaspace       used 21388K, committed 21504K, reserved 1073152K
  class space    used 2748K, committed 2816K, reserved 1048576K
}
Event: 1.713 GC heap after
{Heap after GC invocations=4 (full 0):
 garbage-first heap   total 262144K, used 21691K [0x0000000701c00000, 0x0000000800000000)
  region size 2048K, 4 young (8192K), 4 survivors (8192K)
 Metaspace       used 21388K, committed 21504K, reserved 1073152K
  class space    used 2748K, committed 2816K, reserved 1048576K
}
Event: 2.597 GC heap before
{Heap before GC invocations=5 (full 0):
 garbage-first heap   total 90112K, used 68795K [0x0000000701c00000, 0x0000000800000000)
  region size 2048K, 25 young (51200K), 4 survivors (8192K)
 Metaspace       used 28444K, committed 28672K, reserved 1081344K
  class space    used 3743K, committed 3840K, reserved 1048576K
}
Event: 2.609 GC heap after
{Heap after GC invocations=6 (full 0):
 garbage-first heap   total 90112K, used 30036K [0x0000000701c00000, 0x0000000800000000)
  region size 2048K, 4 young (8192K), 4 survivors (8192K)
 Metaspace       used 28444K, committed 28672K, reserved 1081344K
  class space    used 3743K, committed 3840K, reserved 1048576K
}
Event: 2.631 GC heap before
{Heap before GC invocations=6 (full 0):
 garbage-first heap   total 90112K, used 30036K [0x0000000701c00000, 0x0000000800000000)
  region size 2048K, 5 young (10240K), 4 survivors (8192K)
 Metaspace       used 28881K, committed 29056K, reserved 1081344K
  class space    used 3781K, committed 3840K, reserved 1048576K
}
Event: 2.639 GC heap after
{Heap after GC invocations=7 (full 0):
 garbage-first heap   total 90112K, used 31175K [0x0000000701c00000, 0x0000000800000000)
  region size 2048K, 1 young (2048K), 1 survivors (2048K)
 Metaspace       used 28881K, committed 29056K, reserved 1081344K
  class space    used 3781K, committed 3840K, reserved 1048576K
}
Event: 3.072 GC heap before
{Heap before GC invocations=7 (full 0):
 garbage-first heap   total 90112K, used 57799K [0x0000000701c00000, 0x0000000800000000)
  region size 2048K, 16 young (32768K), 1 survivors (2048K)
 Metaspace       used 35799K, committed 35968K, reserved 1081344K
  class space    used 4489K, committed 4608K, reserved 1048576K
}
Event: 3.080 GC heap after
{Heap after GC invocations=8 (full 0):
 garbage-first heap   total 90112K, used 32334K [0x0000000701c00000, 0x0000000800000000)
  region size 2048K, 2 young (4096K), 2 survivors (4096K)
 Metaspace       used 35799K, committed 35968K, reserved 1081344K
  class space    used 4489K, committed 4608K, reserved 1048576K
}
Event: 3.505 GC heap before
{Heap before GC invocations=9 (full 0):
 garbage-first heap   total 90112K, used 65102K [0x0000000701c00000, 0x0000000800000000)
  region size 2048K, 18 young (36864K), 2 survivors (4096K)
 Metaspace       used 38882K, committed 39104K, reserved 1089536K
  class space    used 4802K, committed 4928K, reserved 1048576K
}
Event: 3.515 GC heap after
{Heap after GC invocations=10 (full 0):
 garbage-first heap   total 90112K, used 39383K [0x0000000701c00000, 0x0000000800000000)
  region size 2048K, 3 young (6144K), 3 survivors (6144K)
 Metaspace       used 38882K, committed 39104K, reserved 1089536K
  class space    used 4802K, committed 4928K, reserved 1048576K
}

Deoptimization events (20 events):
Event: 3.642 Thread 0x00000154aa410f90 DEOPT PACKING pc=0x00000154b98699c0 sp=0x0000003a8e5fd0f0
Event: 3.642 Thread 0x00000154aa410f90 DEOPT UNPACKING pc=0x00000154b1c723a3 sp=0x0000003a8e5fcff8 mode 2
Event: 3.642 Thread 0x00000154aa410f90 Uncommon trap: trap_request=0xffffff45 fr.pc=0x00000154b9733944 relative=0x0000000000000204
Event: 3.642 Thread 0x00000154aa410f90 Uncommon trap: reason=unstable_if action=reinterpret pc=0x00000154b9733944 method=java.util.HashMap.getNode(Ljava/lang/Object;)Ljava/util/HashMap$Node; @ 66 c2
Event: 3.642 Thread 0x00000154aa410f90 DEOPT PACKING pc=0x00000154b9733944 sp=0x0000003a8e5fd060
Event: 3.642 Thread 0x00000154aa410f90 DEOPT UNPACKING pc=0x00000154b1c723a3 sp=0x0000003a8e5fcfe0 mode 2
Event: 3.722 Thread 0x00000154aa410f90 Uncommon trap: trap_request=0xffffff45 fr.pc=0x00000154b9895ae8 relative=0x0000000000003608
Event: 3.722 Thread 0x00000154aa410f90 Uncommon trap: reason=unstable_if action=reinterpret pc=0x00000154b9895ae8 method=org.jetbrains.org.objectweb.asm.ClassReader.readMethod(Lorg/jetbrains/org/objectweb/asm/ClassVisitor;Lorg/jetbrains/org/objectweb/asm/Context;I)I @ 316 c2
Event: 3.722 Thread 0x00000154aa410f90 DEOPT PACKING pc=0x00000154b9895ae8 sp=0x0000003a8e5fc230
Event: 3.722 Thread 0x00000154aa410f90 DEOPT UNPACKING pc=0x00000154b1c723a3 sp=0x0000003a8e5fc1a8 mode 2
Event: 3.730 Thread 0x00000154aa410f90 Uncommon trap: trap_request=0xffffffcc fr.pc=0x00000154b98b9c08 relative=0x0000000000000368
Event: 3.730 Thread 0x00000154aa410f90 Uncommon trap: reason=intrinsic_or_type_checked_inlining action=make_not_entrant pc=0x00000154b98b9c08 method=java.util.Arrays.copyOf([Ljava/lang/Object;ILjava/lang/Class;)[Ljava/lang/Object; @ 35 c2
Event: 3.730 Thread 0x00000154aa410f90 DEOPT PACKING pc=0x00000154b98b9c08 sp=0x0000003a8e5fc400
Event: 3.730 Thread 0x00000154aa410f90 DEOPT UNPACKING pc=0x00000154b1c723a3 sp=0x0000003a8e5fc3a8 mode 2
Event: 3.736 Thread 0x00000154aa410f90 DEOPT PACKING pc=0x00000154b27a8f65 sp=0x0000003a8e5fa400
Event: 3.736 Thread 0x00000154aa410f90 DEOPT UNPACKING pc=0x00000154b1c72b43 sp=0x0000003a8e5f9850 mode 0
Event: 3.747 Thread 0x00000154aa410f90 Uncommon trap: trap_request=0xffffff45 fr.pc=0x00000154b987a8b0 relative=0x0000000000000290
Event: 3.747 Thread 0x00000154aa410f90 Uncommon trap: reason=unstable_if action=reinterpret pc=0x00000154b987a8b0 method=org.jetbrains.kotlin.name.Name.hashCode()I @ 16 c2
Event: 3.747 Thread 0x00000154aa410f90 DEOPT PACKING pc=0x00000154b987a8b0 sp=0x0000003a8e5fd550
Event: 3.747 Thread 0x00000154aa410f90 DEOPT UNPACKING pc=0x00000154b1c723a3 sp=0x0000003a8e5fd4e8 mode 2

Classes unloaded (0 events):
No events

Classes redefined (0 events):
No events

Internal exceptions (20 events):
Event: 1.236 Thread 0x00000154aa410f90 Exception <a 'java/lang/NoSuchMethodError'{0x000000070ed9db38}: 'java.lang.Object java.lang.invoke.DirectMethodHandle$Holder.invokeStatic(java.lang.Object, int, java.lang.Object)'> (0x000000070ed9db38) 
thrown [t:\workspace\open\src\hotspot\share\interpreter\linkResolver.cpp, line 766]
Event: 1.244 Thread 0x00000154aa410f90 Exception <a 'java/lang/NoSuchMethodError'{0x000000070edb8578}: 'void java.lang.invoke.DirectMethodHandle$Holder.invokeStatic(java.lang.Object, java.lang.Object, java.lang.Object, java.lang.Object)'> (0x000000070edb8578) 
thrown [t:\workspace\open\src\hotspot\share\interpreter\linkResolver.cpp, line 766]
Event: 1.320 Thread 0x00000154aa410f90 Exception <a 'java/lang/NoSuchMethodError'{0x000000070e96e510}: 'void java.lang.invoke.DirectMethodHandle$Holder.invokeStaticInit(java.lang.Object, java.lang.Object)'> (0x000000070e96e510) 
thrown [t:\workspace\open\src\hotspot\share\interpreter\linkResolver.cpp, line 766]
Event: 1.330 Thread 0x00000154aa410f90 Exception <a 'java/lang/NoSuchMethodError'{0x000000070e9adf20}: 'void java.lang.invoke.DirectMethodHandle$Holder.invokeInterface(java.lang.Object, java.lang.Object)'> (0x000000070e9adf20) 
thrown [t:\workspace\open\src\hotspot\share\interpreter\linkResolver.cpp, line 766]
Event: 1.413 Thread 0x00000154aa410f90 Exception <a 'java/lang/NoSuchMethodError'{0x000000070e578af8}: 'void java.lang.invoke.DirectMethodHandle$Holder.invokeVirtual(java.lang.Object, java.lang.Object)'> (0x000000070e578af8) 
thrown [t:\workspace\open\src\hotspot\share\interpreter\linkResolver.cpp, line 766]
Event: 1.423 Thread 0x00000154aa410f90 Exception <a 'java/lang/NoSuchMethodError'{0x000000070e5e7e28}: 'int java.lang.invoke.DirectMethodHandle$Holder.invokeVirtual(java.lang.Object, java.lang.Object)'> (0x000000070e5e7e28) 
thrown [t:\workspace\open\src\hotspot\share\interpreter\linkResolver.cpp, line 766]
Event: 1.445 Thread 0x00000154aa410f90 Exception <a 'java/lang/NoSuchMethodError'{0x000000070e2c5b88}: 'java.lang.Object java.lang.invoke.Invokers$Holder.invokeExact_MT(java.lang.Object, java.lang.Object, java.lang.Object, java.lang.Object, java.lang.Object, java.lang.Object)'> (0x000000070e2c5b88) 
thrown [t:\workspace\open\src\hotspot\share\interpreter\linkResolver.cpp, line 766]
Event: 2.153 Thread 0x00000154aa410f90 Implicit null exception at 0x00000154b97519e0 to 0x00000154b9751a7a
Event: 2.153 Thread 0x00000154aa410f90 Implicit null exception at 0x00000154b9755d20 to 0x00000154b9755fbc
Event: 2.408 Thread 0x00000154aa410f90 Exception <a 'java/lang/NoSuchMethodError'{0x000000070508f290}: 'java.lang.Object java.lang.invoke.DirectMethodHandle$Holder.invokeVirtual(java.lang.Object, java.lang.Object, java.lang.Object)'> (0x000000070508f290) 
thrown [t:\workspace\open\src\hotspot\share\interpreter\linkResolver.cpp, line 766]
Event: 2.898 Thread 0x00000154aa410f90 Exception <a 'java/lang/NoSuchMethodError'{0x0000000705c2bc68}: 'java.lang.Object java.lang.invoke.DirectMethodHandle$Holder.newInvokeSpecial(java.lang.Object, java.lang.Object, int)'> (0x0000000705c2bc68) 
thrown [t:\workspace\open\src\hotspot\share\interpreter\linkResolver.cpp, line 766]
Event: 2.972 Thread 0x00000154aa410f90 Exception <a 'java/lang/NoSuchMethodError'{0x0000000705a30c18}: 'java.lang.Object java.lang.invoke.DirectMethodHandle$Holder.newInvokeSpecial(java.lang.Object, java.lang.Object, java.lang.Object, int)'> (0x0000000705a30c18) 
thrown [t:\workspace\open\src\hotspot\share\interpreter\linkResolver.cpp, line 766]
Event: 2.973 Thread 0x00000154aa410f90 Exception <a 'java/lang/NoSuchMethodError'{0x0000000705a352a0}: 'java.lang.Object java.lang.invoke.DirectMethodHandle$Holder.invokeSpecial(java.lang.Object, java.lang.Object, java.lang.Object, java.lang.Object, int)'> (0x0000000705a352a0) 
thrown [t:\workspace\open\src\hotspot\share\interpreter\linkResolver.cpp, line 766]
Event: 2.973 Thread 0x00000154aa410f90 Exception <a 'java/lang/NoSuchMethodError'{0x0000000705a39110}: 'java.lang.Object java.lang.invoke.Invokers$Holder.linkToTargetMethod(java.lang.Object, java.lang.Object, int, java.lang.Object)'> (0x0000000705a39110) 
thrown [t:\workspace\open\src\hotspot\share\interpreter\linkResolver.cpp, line 766]
Event: 3.156 Thread 0x00000154aa410f90 Exception <a 'java/lang/NoSuchMethodError'{0x00000007118338f0}: 'int java.lang.invoke.DirectMethodHandle$Holder.invokeSpecial(java.lang.Object, java.lang.Object, java.lang.Object)'> (0x00000007118338f0) 
thrown [t:\workspace\open\src\hotspot\share\interpreter\linkResolver.cpp, line 766]
Event: 3.697 Thread 0x00000154aa410f90 Exception <a 'java/lang/NoSuchMethodError'{0x0000000706501780}: 'java.lang.Object java.lang.invoke.DirectMethodHandle$Holder.newInvokeSpecial(java.lang.Object, java.lang.Object, java.lang.Object, java.lang.Object, java.lang.Object, java.lang.Object, java.lang.Object, java.lang.Object)'> (0x0000000706501780) 
thrown [t:\workspace\open\src\hotspot\share\interpreter\linkResolver.cpp, line 766]
Event: 3.697 Thread 0x00000154aa410f90 Exception <a 'java/lang/NoSuchMethodError'{0x0000000706507000}: 'java.lang.Object java.lang.invoke.DirectMethodHandle$Holder.invokeSpecial(java.lang.Object, java.lang.Object, java.lang.Object, java.lang.Object, java.lang.Object, java.lang.Object, java.lang.Object, java.lang.Object, java.lang.Object)'> (0x0000000706507000) 
thrown [t:\workspace\open\src\hotspot\share\interpreter\linkResolver.cpp, line 766]
Event: 3.698 Thread 0x00000154aa410f90 Exception <a 'java/lang/NoSuchMethodError'{0x000000070650bf30}: 'java.lang.Object java.lang.invoke.Invokers$Holder.linkToTargetMethod(java.lang.Object, java.lang.Object, java.lang.Object, java.lang.Object, java.lang.Object, java.lang.Object, java.lang.Object, java.lang.Object)'> (0x000000070650bf30) 
thrown [t:\workspace\open\src\hotspot\share\interpreter\linkResolver.cpp, line 766]
Event: 3.826 Thread 0x00000154aa410f90 Exception <a 'java/lang/NoSuchMethodError'{0x0000000705c64268}: 'int java.lang.invoke.DirectMethodHandle$Holder.invokeStaticInit(java.lang.Object, int)'> (0x0000000705c64268) 
thrown [t:\workspace\open\src\hotspot\share\interpreter\linkResolver.cpp, line 766]
Event: 3.846 Thread 0x00000154aa410f90 Exception <a 'java/lang/NoSuchMethodError'{0x0000000705ce0cb8}: 'java.lang.Object java.lang.invoke.DirectMethodHandle$Holder.newInvokeSpecial(java.lang.Object, java.lang.Object, java.lang.Object, java.lang.Object, java.lang.Object, java.lang.Object)'> (0x0000000705ce0cb8) 
thrown [t:\workspace\open\src\hotspot\share\interpreter\linkResolver.cpp, line 766]

VM Operations (20 events):
Event: 3.155 Executing VM operation: HandshakeAllThreads
Event: 3.155 Executing VM operation: HandshakeAllThreads done
Event: 3.197 Executing VM operation: HandshakeAllThreads
Event: 3.197 Executing VM operation: HandshakeAllThreads done
Event: 3.217 Executing VM operation: HandshakeAllThreads
Event: 3.217 Executing VM operation: HandshakeAllThreads done
Event: 3.339 Executing VM operation: ICBufferFull
Event: 3.339 Executing VM operation: ICBufferFull done
Event: 3.434 Executing VM operation: HandshakeAllThreads
Event: 3.434 Executing VM operation: HandshakeAllThreads done
Event: 3.505 Executing VM operation: G1CollectForAllocation
Event: 3.515 Executing VM operation: G1CollectForAllocation done
Event: 3.558 Executing VM operation: G1Concurrent
Event: 3.561 Executing VM operation: G1Concurrent done
Event: 3.578 Executing VM operation: G1Concurrent
Event: 3.578 Executing VM operation: G1Concurrent done
Event: 3.734 Executing VM operation: HandshakeAllThreads
Event: 3.734 Executing VM operation: HandshakeAllThreads done
Event: 3.844 Executing VM operation: ICBufferFull
Event: 3.844 Executing VM operation: ICBufferFull done

Events (20 events):
Event: 2.852 loading class java/util/BitSet
Event: 2.852 loading class java/util/BitSet done
Event: 2.957 loading class java/util/ArrayList$ListItr
Event: 2.957 loading class java/util/ArrayList$ListItr done
Event: 3.003 loading class java/io/InvalidObjectException
Event: 3.003 loading class java/io/ObjectStreamException
Event: 3.003 loading class java/io/ObjectStreamException done
Event: 3.003 loading class java/io/InvalidObjectException done
Event: 3.009 loading class java/util/AbstractList$SubList
Event: 3.009 loading class java/util/AbstractList$SubList done
Event: 3.009 loading class java/util/AbstractList$SubList$1
Event: 3.009 loading class java/util/AbstractList$SubList$1 done
Event: 3.009 loading class java/util/AbstractList$ListItr
Event: 3.009 loading class java/util/AbstractList$ListItr done
Event: 3.052 loading class java/text/StringCharacterIterator
Event: 3.052 loading class java/text/CharacterIterator
Event: 3.052 loading class java/text/CharacterIterator done
Event: 3.052 loading class java/text/StringCharacterIterator done
Event: 3.309 loading class java/util/AbstractList$RandomAccessSubList
Event: 3.309 loading class java/util/AbstractList$RandomAccessSubList done


Dynamic libraries:
0x00007ff7ad230000 - 0x00007ff7ad240000 	C:\Program Files\Java\jdk-17.0.1\bin\java.exe
0x00007ffc97b70000 - 0x00007ffc97d65000 	C:\WINDOWS\SYSTEM32\ntdll.dll
0x00007ffc96130000 - 0x00007ffc961ed000 	C:\WINDOWS\System32\KERNEL32.DLL
0x00007ffc952b0000 - 0x00007ffc95579000 	C:\WINDOWS\System32\KERNELBASE.dll
0x00007ffc95a00000 - 0x00007ffc95b00000 	C:\WINDOWS\System32\ucrtbase.dll
0x00007ffc7f6f0000 - 0x00007ffc7f70a000 	C:\Program Files\Java\jdk-17.0.1\bin\VCRUNTIME140.dll
0x00007ffc6a590000 - 0x00007ffc6a5a8000 	C:\Program Files\Java\jdk-17.0.1\bin\jli.dll
0x00007ffc95f10000 - 0x00007ffc95fbc000 	C:\WINDOWS\System32\ADVAPI32.dll
0x00007ffc97870000 - 0x00007ffc9790e000 	C:\WINDOWS\System32\msvcrt.dll
0x00007ffc96090000 - 0x00007ffc9612b000 	C:\WINDOWS\System32\sechost.dll
0x00007ffc97920000 - 0x00007ffc97a4a000 	C:\WINDOWS\System32\RPCRT4.dll
0x00007ffc97530000 - 0x00007ffc976d0000 	C:\WINDOWS\System32\USER32.dll
0x00007ffc95280000 - 0x00007ffc952a2000 	C:\WINDOWS\System32\win32u.dll
0x00007ffc811a0000 - 0x00007ffc8143a000 	C:\WINDOWS\WinSxS\amd64_microsoft.windows.common-controls_6595b64144ccf1df_6.0.19041.1110_none_60b5254171f9507e\COMCTL32.dll
0x00007ffc96c30000 - 0x00007ffc96c5a000 	C:\WINDOWS\System32\GDI32.dll
0x00007ffc95580000 - 0x00007ffc9568b000 	C:\WINDOWS\System32\gdi32full.dll
0x00007ffc957d0000 - 0x00007ffc9586d000 	C:\WINDOWS\System32\msvcp_win.dll
0x00007ffc8c530000 - 0x00007ffc8c53a000 	C:\WINDOWS\SYSTEM32\VERSION.dll
0x00007ffc974a0000 - 0x00007ffc974d0000 	C:\WINDOWS\System32\IMM32.DLL
0x00007ffc7f6e0000 - 0x00007ffc7f6ec000 	C:\Program Files\Java\jdk-17.0.1\bin\vcruntime140_1.dll
0x00007ffc4f330000 - 0x00007ffc4f3bd000 	C:\Program Files\Java\jdk-17.0.1\bin\msvcp140.dll
0x00007ffc4c510000 - 0x00007ffc4d0ce000 	C:\Program Files\Java\jdk-17.0.1\bin\server\jvm.dll
0x00007ffc97910000 - 0x00007ffc97918000 	C:\WINDOWS\System32\PSAPI.DLL
0x00007ffc7e7e0000 - 0x00007ffc7e7e9000 	C:\WINDOWS\SYSTEM32\WSOCK32.dll
0x00007ffc81600000 - 0x00007ffc81627000 	C:\WINDOWS\SYSTEM32\WINMM.dll
0x00007ffc97780000 - 0x00007ffc977eb000 	C:\WINDOWS\System32\WS2_32.dll
0x00007ffc93b50000 - 0x00007ffc93b62000 	C:\WINDOWS\SYSTEM32\kernel.appcore.dll
0x00007ffc6a580000 - 0x00007ffc6a58a000 	C:\Program Files\Java\jdk-17.0.1\bin\jimage.dll
0x00007ffc93080000 - 0x00007ffc93264000 	C:\WINDOWS\SYSTEM32\DBGHELP.DLL
0x00007ffc7d1e0000 - 0x00007ffc7d20c000 	C:\WINDOWS\SYSTEM32\dbgcore.DLL
0x00007ffc95690000 - 0x00007ffc95713000 	C:\WINDOWS\System32\bcryptPrimitives.dll
0x00007ffc66ee0000 - 0x00007ffc66f05000 	C:\Program Files\Java\jdk-17.0.1\bin\java.dll
0x00007ffc4ecc0000 - 0x00007ffc4ed96000 	C:\Program Files\Java\jdk-17.0.1\bin\svml.dll
0x00007ffc964f0000 - 0x00007ffc96c2f000 	C:\WINDOWS\System32\SHELL32.dll
0x00007ffc93370000 - 0x00007ffc93b01000 	C:\WINDOWS\SYSTEM32\windows.storage.dll
0x00007ffc95bb0000 - 0x00007ffc95f05000 	C:\WINDOWS\System32\combase.dll
0x00007ffc94cf0000 - 0x00007ffc94d1c000 	C:\WINDOWS\SYSTEM32\Wldp.dll
0x00007ffc976d0000 - 0x00007ffc9777e000 	C:\WINDOWS\System32\SHCORE.dll
0x00007ffc96cc0000 - 0x00007ffc96d15000 	C:\WINDOWS\System32\shlwapi.dll
0x00007ffc951c0000 - 0x00007ffc951df000 	C:\WINDOWS\SYSTEM32\profapi.dll
0x00007ffc69310000 - 0x00007ffc69329000 	C:\Program Files\Java\jdk-17.0.1\bin\net.dll
0x00007ffc8c750000 - 0x00007ffc8c85a000 	C:\WINDOWS\SYSTEM32\WINHTTP.dll
0x00007ffc94a50000 - 0x00007ffc94aba000 	C:\WINDOWS\system32\mswsock.dll
0x00007ffc65650000 - 0x00007ffc65665000 	C:\Program Files\Java\jdk-17.0.1\bin\nio.dll
0x00007ffc65630000 - 0x00007ffc65648000 	C:\Program Files\Java\jdk-17.0.1\bin\zip.dll
0x00007ffc6a570000 - 0x00007ffc6a580000 	C:\Program Files\Java\jdk-17.0.1\bin\verify.dll

dbghelp: loaded successfully - version: 4.0.5 - missing functions: none
symbol engine: initialized successfully - sym options: 0x614 - pdb path: .;C:\Program Files\Java\jdk-17.0.1\bin;C:\WINDOWS\SYSTEM32;C:\WINDOWS\WinSxS\amd64_microsoft.windows.common-controls_6595b64144ccf1df_6.0.19041.1110_none_60b5254171f9507e;C:\Program Files\Java\jdk-17.0.1\bin\server

VM Arguments:
java_command: org.jetbrains.kotlin.cli.jvm.K2JVMCompiler @C:\Users\gidi\projects\AwesomeProject\spaceTaskMobileApp\node_modules\react-native-pager-view\android\build\20220112_14630486245570143126.compiler.options
java_class_path (initial): C:\Users\gidi\.gradle\caches\modules-2\files-2.1\org.jetbrains.kotlin\kotlin-compiler-embeddable\1.5.30\3362a354066df1578a057c200da23cf2a1d8144f\kotlin-compiler-embeddable-1.5.30.jar;C:\Users\gidi\.gradle\caches\modules-2\files-2.1\org.jetbrains.kotlin\kotlin-reflect\1.5.30\6773e974437dd6432aa646cc2f8ab71de42b5773\kotlin-reflect-1.5.30.jar;C:\Users\gidi\.gradle\caches\modules-2\files-2.1\org.jetbrains.kotlin\kotlin-stdlib\1.5.30\d68efdea04955974ac1020f8f66ef8176bfbce1f\kotlin-stdlib-1.5.30.jar;C:\Users\gidi\.gradle\caches\modules-2\files-2.1\org.jetbrains.kotlin\kotlin-script-runtime\1.5.30\10697ab20bfd2f1b23baa91306950c36c4e89a8d\kotlin-script-runtime-1.5.30.jar;C:\Users\gidi\.gradle\caches\modules-2\files-2.1\org.jetbrains.kotlin\kotlin-daemon-embeddable\1.5.30\e355dc9011e559a475608265607948109e113ae0\kotlin-daemon-embeddable-1.5.30.jar;C:\Users\gidi\.gradle\caches\modules-2\files-2.1\org.jetbrains.intellij.deps\trove4j\1.0.20181211\216c2e14b070f334479d800987affe4054cd563f\trove4j-1.0.20181211.jar;C:\Users\gidi\.gradle\caches\modules-2\files-2.1\org.jetbrains\annotations\13.0\919f0dfe192fb4e063e7dacadee7f8bb9a2672a9\annotations-13.0.jar;C:\Users\gidi\.gradle\caches\modules-2\files-2.1\org.jetbrains.kotlin\kotlin-stdlib-common\1.5.30\649ffab7767038323fec0cc41e2d7b0a8f65a378\kotlin-stdlib-common-1.5.30.jar
Launcher Type: SUN_STANDARD

[Global flags]
     intx CICompilerCount                          = 3                                         {product} {ergonomic}
     uint ConcGCThreads                            = 1                                         {product} {ergonomic}
     uint G1ConcRefinementThreads                  = 4                                         {product} {ergonomic}
   size_t G1HeapRegionSize                         = 2097152                                   {product} {ergonomic}
    uintx GCDrainStackTargetSize                   = 64                                        {product} {ergonomic}
   size_t InitialHeapSize                          = 268435456                                 {product} {ergonomic}
   size_t MarkStackSize                            = 4194304                                   {product} {ergonomic}
   size_t MaxHeapSize                              = 4265607168                                {product} {ergonomic}
   size_t MaxNewSize                               = 2558525440                                {product} {ergonomic}
   size_t MinHeapDeltaBytes                        = 2097152                                   {product} {ergonomic}
   size_t MinHeapSize                              = 8388608                                   {product} {ergonomic}
    uintx NonNMethodCodeHeapSize                   = 5832780                                {pd product} {ergonomic}
    uintx NonProfiledCodeHeapSize                  = 122912730                              {pd product} {ergonomic}
    uintx ProfiledCodeHeapSize                     = 122912730                              {pd product} {ergonomic}
    uintx ReservedCodeCacheSize                    = 251658240                              {pd product} {ergonomic}
     bool SegmentedCodeCache                       = true                                      {product} {ergonomic}
   size_t SoftMaxHeapSize                          = 4265607168                             {manageable} {ergonomic}
     bool UseCompressedClassPointers               = true                           {product lp64_product} {ergonomic}
     bool UseCompressedOops                        = true                           {product lp64_product} {ergonomic}
     bool UseG1GC                                  = true                                      {product} {ergonomic}
     bool UseLargePagesIndividualAllocation        = false                                  {pd product} {ergonomic}

Logging:
Log output configuration:
 #0: stdout all=warning uptime,level,tags
 #1: stderr all=off uptime,level,tags

Environment Variables:
JAVA_HOME=C:\Program Files\Java\jdk-17.0.1
CLASSPATH=C:\Users\gidi\projects\AwesomeProject\spaceTaskMobileApp\android\\gradle\wrapper\gradle-wrapper.jar
PATH=C:\Users\gidi\projects\AwesomeProject\spaceTaskMobileApp\android\node_modules\.bin;C:\Users\gidi\projects\AwesomeProject\spaceTaskMobileApp\node_modules\.bin;C:\Users\gidi\projects\AwesomeProject\node_modules\.bin;C:\Users\gidi\projects\node_modules\.bin;C:\Users\gidi\node_modules\.bin;C:\Users\node_modules\.bin;C:\node_modules\.bin;C:\Program Files\nodejs;C:\Users\gidi\projects\AwesomeProject\node_modules\.bin;C:\Program Files\Common Files\Oracle\Java\javapath;C:\WINDOWS\system32;C:\WINDOWS;C:\WINDOWS\System32\Wbem;C:\WINDOWS\System32\WindowsPowerShell\v1.0\;C:\WINDOWS\System32\OpenSSH\;C:\Program Files\nodejs\;C:\Program Files\Git\cmd;C:\Program Files\Go\bin;C:\Program Files\Docker\Docker\resources\bin;C:\ProgramData\DockerDesktop\version-bin;C:\Program Files\MySQL\MySQL Shell 8.0\bin\;C:\Users\gidi\AppData\Local\Programs\Python\Python39\Scripts\;C:\Users\gidi\AppData\Local\Programs\Python\Python39\;C:\Program Files\Common Files\Oracle\Java\javapath;C:\WINDOWS\system32;C:\WINDOWS;C:\WINDOWS\System32\Wbem;C:\WINDOWS\System32\WindowsPowerShell\v1.0\;C:\WINDOWS\System32\OpenSSH\;C:\Program Files\nodejs\;C:\Program Files\Git\cmd;C:\Program Files\Go\bin;C:\Program Files\Docker\Docker\resources\bin;C:\ProgramData\DockerDesktop\version-bin;C:\Python27\Scripts;C:\Users\gidi\AppData\Local\Programs\Microsoft VS Code\bin;C:\Users\gidi\AppData\Local\GitHubDesktop\bin;C:\Users\gidi\AppData\Local\Microsoft\WindowsApps;C:\Users\gidi\AppData\Roaming\npm;C:\Users\gidi\go\bin;C:\Users\gidi\AppData\Local\Android\Sdk\platform-tools;
USERNAME=gidi
OS=Windows_NT
PROCESSOR_IDENTIFIER=Intel64 Family 6 Model 142 Stepping 9, GenuineIntel



---------------  S Y S T E M  ---------------

OS:
 Windows 10 , 64 bit Build 19041 (10.0.19041.1023)
OS uptime: 0 days 1:55 hours

CPU: total 4 (initial active 4) (2 cores per cpu, 2 threads per core) family 6 model 142 stepping 9 microcode 0xb4, cx8, cmov, fxsr, ht, mmx, 3dnowpref, sse, sse2, sse3, ssse3, sse4.1, sse4.2, popcnt, lzcnt, tsc, tscinvbit, avx, avx2, aes, erms, clmul, bmi1, bmi2, adx, fma, vzeroupper, clflush, clflushopt

Memory: 4k page, system-wide physical 16264M (8073M free)
TotalPageFile size 19592M (AvailPageFile size 10295M)
current process WorkingSet (physical memory assigned to process): 219M, peak: 219M
current process commit charge ("private bytes"): 258M, peak: 397M

vm_info: Java HotSpot(TM) 64-Bit Server VM (17.0.1+12-LTS-39) for windows-amd64 JRE (17.0.1+12-LTS-39), built on Sep 27 2021 18:41:35 by "mach5one" with MS VC++ 16.8 (VS2019)

END.
